<?xml version="1.0" encoding="UTF-8"?>
<!-- Generated by org.testng.reporters.JUnitReportReporter -->
<testsuite hostname="DESKTOP-R5PDA34" failures="0" tests="2" name="e2eproject.FinalDemo.LoginTestCase" time="39.777" errors="0" timestamp="2021-12-13T09:45:03 IST" skipped="0">
  <testcase classname="e2eproject.FinalDemo.LoginTestCase" name="BasePageNavigation" time="14.760"/>
  <system-out/>
  <testcase classname="e2eproject.FinalDemo.LoginTestCase" name="BasePageNavigation" time="25.017"/>
  <system-out/>
</testsuite> <!-- e2eproject.FinalDemo.LoginTestCase -->
